<?xml version="1.0" encoding="UTF-8"?>
<!-- Generated by org.testng.reporters.JUnitReportReporter -->
<testsuite hostname="MSTU-PF4HAQHD" failures="0" tests="1" name="testscript.ManageCategoryTest" time="17.569" errors="0" timestamp="2025-08-09T00:40:18 MDT" skipped="0">
  <testcase classname="testscript.ManageCategoryTest" name="verifyWhetherUserCanAddNewCategory" time="17.569"/>
</testsuite> <!-- testscript.ManageCategoryTest -->
