<?xml version="1.0" encoding="UTF-8"?>
<!-- Generated by org.testng.reporters.JUnitReportReporter -->
<testsuite hostname="MSTU-PF4HAQHD" failures="0" tests="2" name="testscript.ManageFooterTest" time="31.909" errors="0" timestamp="2025-08-09T00:57:04 MDT" skipped="0">
  <testcase classname="testscript.ManageFooterTest" name="verifyWhetherAlertisDisplayedAfterUpdation" time="17.415"/>
  <testcase classname="testscript.ManageFooterTest" name="verifyWhetherUserIsAbleToManageFooter" time="14.494"/>
</testsuite> <!-- testscript.ManageFooterTest -->
