<?xml version="1.0" encoding="UTF-8"?>
<!-- Generated by org.testng.reporters.JUnitReportReporter -->
<testsuite hostname="MSTU-PF4HAQHD" failures="0" tests="2" name="testscript.LogoutTest" time="38.571" errors="0" timestamp="2025-07-28T23:16:33 MDT" skipped="0">
  <testcase classname="testscript.LogoutTest" name="verifyWhetherUserIsAbleToLogout" time="8.450"/>
  <testcase classname="testscript.LogoutTest" name="verifyWhetherUserIsAbleToLogout" time="30.121"/>
</testsuite> <!-- testscript.LogoutTest -->
