<?xml version="1.0" encoding="UTF-8"?>
<!-- Generated by org.testng.reporters.JUnitReportReporter -->
<testsuite hostname="MSTU-PF4HAQHD" failures="0" tests="1" name="testscript.ManageContactTest" time="17.172" errors="0" timestamp="2025-08-09T00:54:33 MDT" skipped="0">
  <testcase classname="testscript.ManageContactTest" name="verifyWhetherUserCanUpdateContact" time="17.172"/>
</testsuite> <!-- testscript.ManageContactTest -->
