<?xml version="1.0" encoding="UTF-8"?>
<!-- Generated by org.testng.reporters.JUnitReportReporter -->
<testsuite hostname="MSTU-PF4HAQHD" failures="0" tests="4" name="testscript.LoginTest" time="24.817" errors="0" timestamp="2025-07-28T23:13:01 MDT" skipped="0">
  <testcase classname="testscript.LoginTest" name="verifyUserIsAbleToLoginWithInValidCredentials" time="8.802"/>
  <testcase classname="testscript.LoginTest" name="verifyUserIsAbleToLoginWithValidCredentials" time="6.516"/>
  <testcase classname="testscript.LoginTest" name="verifyUserIsAbleToLoginWithInValidCredentials1" time="4.731"/>
  <testcase classname="testscript.LoginTest" name="verifyUserIsAbleToLoginWithInValidCredentials2" time="4.768"/>
</testsuite> <!-- testscript.LoginTest -->
