<?xml version="1.0" encoding="UTF-8"?>
<!-- Generated by org.testng.reporters.JUnitReportReporter -->
<testsuite hostname="MSTU-PF4HAQHD" failures="0" tests="2" name="testscript.ManageFooterTest" time="15.847" errors="0" timestamp="2025-07-28T23:13:01 MDT" skipped="0">
  <testcase classname="testscript.ManageFooterTest" name="verifyWhetherAlertisDisplayedAfterUpdation" time="7.995"/>
  <testcase classname="testscript.ManageFooterTest" name="verifyWhetherUserIsAbleToManageFooter" time="7.852"/>
</testsuite> <!-- testscript.ManageFooterTest -->
