<?xml version="1.0" encoding="UTF-8"?>
<!-- Generated by org.testng.reporters.JUnitReportReporter -->
<testsuite hostname="MSTU-PF4HAQHD" failures="0" tests="4" name="testscript.LoginTest" time="34.638" errors="0" timestamp="2025-08-09T00:23:50 MDT" skipped="0">
  <testcase classname="testscript.LoginTest" name="verifyUserIsAbleToLoginWithInValidCredentials1" time="6.682"/>
  <testcase classname="testscript.LoginTest" name="verifyUserIsAbleToLoginWithInValidCredentials" time="13.429"/>
  <testcase classname="testscript.LoginTest" name="verifyUserIsAbleToLoginWithValidCredentials" time="7.746"/>
  <testcase classname="testscript.LoginTest" name="verifyUserIsAbleToLoginWithInValidCredentials2" time="6.781"/>
</testsuite> <!-- testscript.LoginTest -->
