<?xml version="1.0" encoding="UTF-8"?>
<!-- Generated by org.testng.reporters.JUnitReportReporter -->
<testsuite hostname="MSTU-PF4HAQHD" failures="0" tests="1" name="testscript.ManageContactTest" time="14.543" errors="0" timestamp="2025-07-29T00:15:04 MDT" skipped="0">
  <testcase classname="testscript.ManageContactTest" name="verifyWhetherUserCanUpdateContact" time="14.543"/>
</testsuite> <!-- testscript.ManageContactTest -->
